{"level":"warn","message":"intentaste hacer un GET a la ruta: '/' pero esta no existe :c"}
{"level":"warn","message":"intentaste hacer un GET a la ruta: '/' pero esta no existe :c"}
{"level":"warn","message":"intentaste hacer un GET a la ruta: '/logn' pero esta no existe :c"}
{"level":"warn","message":"intentaste hacer un GET a la ruta: '/...' pero esta no existe :c"}
{"level":"warn","message":"intentaste hacer un GET a la ruta: '/...' pero esta no existe :c"}
{"level":"warn","message":"intentaste hacer un GET a la ruta: '/...' pero esta no existe :c"}
{"level":"warn","message":"intentaste hacer un GET a la ruta: '/...' pero esta no existe :c"}
{"level":"warn","message":"intentaste hacer un GET a la ruta: '/...' pero esta no existe :c"}
{"level":"warn","message":"intentaste hacer un GET a la ruta: '/dss' pero esta no existe :c"}
{"level":"warn","message":"intentaste hacer un GET a la ruta: '/...' pero esta no existe :c"}
{"level":"warn","message":"intentaste hacer un GET a la ruta: '/...' pero esta no existe :c"}
{"level":"warn","message":"intentaste hacer un GET a la ruta: '/...' pero esta no existe :c"}
{"level":"warn","message":"intentaste hacer un GET a la ruta: '/...' pero esta no existe :c"}
{"level":"warn","message":"intentaste hacer un GET a la ruta: '/...' pero esta no existe :c"}
{"level":"warn","message":"intentaste hacer un GET a la ruta: '/...' pero esta no existe :c"}
{"level":"warn","message":"intentaste hacer un GET a la ruta: '/...' pero esta no existe :c"}
{"level":"warn","message":"intentaste hacer un GET a la ruta: '/...' pero esta no existe :c"}
{"level":"warn","message":"intentaste hacer un GET a la ruta: '/...' pero esta no existe :c"}
{"level":"warn","message":"intentaste hacer un GET a la ruta: '/...' pero esta no existe :c"}
{"level":"warn","message":"intentaste hacer un GET a la ruta: '/...' pero esta no existe :c"}
{"level":"warn","message":"intentaste hacer un GET a la ruta: '/...' pero esta no existe :c"}
{"level":"warn","message":"intentaste hacer un GET a la ruta: '/...' pero esta no existe :c"}
{"level":"warn","message":"intentaste hacer un GET a la ruta: '/...' pero esta no existe :c"}
{"level":"warn","message":"intentaste hacer un GET a la ruta: '/...' pero esta no existe :c"}
{"level":"warn","message":"intentaste hacer un GET a la ruta: '/' pero esta no existe :c"}
{"level":"warn","message":"intentaste hacer un GET a la ruta: '/...' pero esta no existe :c"}
{"level":"warn","message":"intentaste hacer un GET a la ruta: '/...' pero esta no existe :c"}
{"level":"warn","message":"intentaste hacer un GET a la ruta: '/...' pero esta no existe :c"}
{"level":"warn","message":"intentaste hacer un GET a la ruta: '/...' pero esta no existe :c"}
{"level":"warn","message":"intentaste hacer un GET a la ruta: '/...' pero esta no existe :c"}
{"level":"warn","message":"intentaste hacer un GET a la ruta: '/' pero esta no existe :c"}
{"level":"warn","message":"intentaste hacer un GET a la ruta: '/' pero esta no existe :c"}
{"level":"warn","message":"intentaste hacer un GET a la ruta: '/favicon.ico' pero esta no existe :c"}
{"level":"warn","message":"intentaste hacer un GET a la ruta: '/favicon.ico' pero esta no existe :c"}
{"level":"warn","message":"intentaste hacer un GET a la ruta: '/favicon.ico' pero esta no existe :c"}
{"level":"warn","message":"intentaste hacer un GET a la ruta: '/favicon.ico' pero esta no existe :c"}
{"level":"warn","message":"intentaste hacer un GET a la ruta: '/' pero esta no existe :c"}
{"level":"warn","message":"intentaste hacer un GET a la ruta: '/favicon.ico' pero esta no existe :c"}
{"level":"warn","message":"intentaste hacer un GET a la ruta: '/favicon.ico' pero esta no existe :c"}
{"level":"warn","message":"intentaste hacer un GET a la ruta: '/favicon.ico' pero esta no existe :c"}
{"level":"warn","message":"intentaste hacer un GET a la ruta: '/' pero esta no existe :c"}
{"level":"warn","message":"intentaste hacer un GET a la ruta: '/favicon.ico' pero esta no existe :c"}
{"level":"warn","message":"intentaste hacer un GET a la ruta: '/favicon.ico' pero esta no existe :c"}
{"level":"warn","message":"intentaste hacer un GET a la ruta: '/favicon.ico' pero esta no existe :c"}
{"level":"warn","message":"intentaste hacer un GET a la ruta: '/favicon.ico' pero esta no existe :c"}
{"level":"warn","message":"intentaste hacer un GET a la ruta: '/favicon.ico' pero esta no existe :c"}
{"level":"warn","message":"intentaste hacer un GET a la ruta: '/favicon.ico' pero esta no existe :c"}
{"level":"warn","message":"intentaste hacer un GET a la ruta: '/favicon.ico' pero esta no existe :c"}
{"level":"warn","message":"intentaste hacer un GET a la ruta: '/favicon.ico' pero esta no existe :c"}
{"level":"warn","message":"intentaste hacer un GET a la ruta: '/favicon.ico' pero esta no existe :c"}
{"level":"warn","message":"intentaste hacer un GET a la ruta: '/class=%22card-img-top%22' pero esta no existe :c"}
{"level":"warn","message":"intentaste hacer un GET a la ruta: '/favicon.ico' pero esta no existe :c"}
{"level":"warn","message":"intentaste hacer un GET a la ruta: '/class=%22card-img-top%22' pero esta no existe :c"}
{"level":"warn","message":"intentaste hacer un GET a la ruta: '/favicon.ico' pero esta no existe :c"}
{"level":"warn","message":"intentaste hacer un GET a la ruta: '/class=%22card-img-top%22' pero esta no existe :c"}
{"level":"warn","message":"intentaste hacer un GET a la ruta: '/class=%22card-img-top%22' pero esta no existe :c"}
{"level":"warn","message":"intentaste hacer un GET a la ruta: '/favicon.ico' pero esta no existe :c"}
{"level":"warn","message":"intentaste hacer un GET a la ruta: '/class=%22card-img-top%22' pero esta no existe :c"}
{"level":"warn","message":"intentaste hacer un GET a la ruta: '/class=%22card-img-top%22' pero esta no existe :c"}
{"level":"warn","message":"intentaste hacer un GET a la ruta: '/favicon.ico' pero esta no existe :c"}
{"level":"warn","message":"intentaste hacer un GET a la ruta: '/favicon.ico' pero esta no existe :c"}
{"level":"warn","message":"intentaste hacer un GET a la ruta: '/favicon.ico' pero esta no existe :c"}
{"level":"warn","message":"intentaste hacer un GET a la ruta: '/favicon.ico' pero esta no existe :c"}
{"level":"warn","message":"intentaste hacer un GET a la ruta: '/favicon.ico' pero esta no existe :c"}
{"level":"warn","message":"intentaste hacer un GET a la ruta: '/favicon.ico' pero esta no existe :c"}
{"level":"warn","message":"intentaste hacer un GET a la ruta: '/favicon.ico' pero esta no existe :c"}
{"level":"warn","message":"intentaste hacer un GET a la ruta: '/favicon.ico' pero esta no existe :c"}
{"level":"warn","message":"intentaste hacer un GET a la ruta: '/favicon.ico' pero esta no existe :c"}
{"level":"warn","message":"intentaste hacer un GET a la ruta: '/favicon.ico' pero esta no existe :c"}
{"level":"warn","message":"intentaste hacer un GET a la ruta: '/favicon.ico' pero esta no existe :c"}
{"level":"warn","message":"intentaste hacer un GET a la ruta: '/favicon.ico' pero esta no existe :c"}
{"level":"warn","message":"intentaste hacer un GET a la ruta: '/favicon.ico' pero esta no existe :c"}
{"level":"warn","message":"intentaste hacer un GET a la ruta: '/favicon.ico' pero esta no existe :c"}
{"level":"warn","message":"intentaste hacer un GET a la ruta: '/favicon.ico' pero esta no existe :c"}
{"level":"warn","message":"intentaste hacer un GET a la ruta: '/favicon.ico' pero esta no existe :c"}
{"level":"warn","message":"intentaste hacer un GET a la ruta: '/favicon.ico' pero esta no existe :c"}
{"level":"warn","message":"intentaste hacer un GET a la ruta: '/favicon.ico' pero esta no existe :c"}
{"level":"warn","message":"intentaste hacer un GET a la ruta: '/favicon.ico' pero esta no existe :c"}
{"level":"warn","message":"intentaste hacer un GET a la ruta: '/favicon.ico' pero esta no existe :c"}
{"level":"warn","message":"intentaste hacer un GET a la ruta: '/favicon.ico' pero esta no existe :c"}
{"level":"warn","message":"intentaste hacer un GET a la ruta: '/favicon.ico' pero esta no existe :c"}
{"level":"warn","message":"intentaste hacer un GET a la ruta: '/favicon.ico' pero esta no existe :c"}
{"level":"warn","message":"intentaste hacer un GET a la ruta: '/favicon.ico' pero esta no existe :c"}
{"level":"warn","message":"intentaste hacer un GET a la ruta: '/favicon.ico' pero esta no existe :c"}
{"level":"warn","message":"intentaste hacer un GET a la ruta: '/favicon.ico' pero esta no existe :c"}
{"level":"warn","message":"intentaste hacer un GET a la ruta: '/favicon.ico' pero esta no existe :c"}
{"level":"warn","message":"intentaste hacer un GET a la ruta: '/favicon.ico' pero esta no existe :c"}
{"level":"warn","message":"intentaste hacer un GET a la ruta: '/favicon.ico' pero esta no existe :c"}
{"level":"warn","message":"intentaste hacer un GET a la ruta: '/favicon.ico' pero esta no existe :c"}
{"level":"warn","message":"intentaste hacer un GET a la ruta: '/favicon.ico' pero esta no existe :c"}
{"level":"warn","message":"intentaste hacer un GET a la ruta: '/favicon.ico' pero esta no existe :c"}
{"level":"warn","message":"intentaste hacer un GET a la ruta: '/' pero esta no existe :c"}
{"level":"warn","message":"intentaste hacer un GET a la ruta: '/favicon.ico' pero esta no existe :c"}
{"level":"warn","message":"intentaste hacer un GET a la ruta: '/favicon.ico' pero esta no existe :c"}
{"level":"warn","message":"intentaste hacer un GET a la ruta: '/favicon.ico' pero esta no existe :c"}
{"level":"warn","message":"intentaste hacer un GET a la ruta: '/favicon.ico' pero esta no existe :c"}
{"level":"warn","message":"intentaste hacer un GET a la ruta: '/favicon.ico' pero esta no existe :c"}
{"level":"warn","message":"intentaste hacer un GET a la ruta: '/' pero esta no existe :c"}
{"level":"warn","message":"intentaste hacer un GET a la ruta: '/favicon.ico' pero esta no existe :c"}
{"level":"warn","message":"intentaste hacer un GET a la ruta: '/favicon.ico' pero esta no existe :c"}
{"level":"warn","message":"intentaste hacer un GET a la ruta: '/' pero esta no existe :c"}
{"level":"warn","message":"intentaste hacer un GET a la ruta: '/favicon.ico' pero esta no existe :c"}
{"level":"warn","message":"intentaste hacer un GET a la ruta: '/favicon.ico' pero esta no existe :c"}
{"level":"warn","message":"intentaste hacer un GET a la ruta: '/favicon.ico' pero esta no existe :c"}
{"level":"warn","message":"intentaste hacer un GET a la ruta: '/favicon.ico' pero esta no existe :c"}
{"level":"warn","message":"intentaste hacer un GET a la ruta: '/favicon.ico' pero esta no existe :c"}
{"level":"warn","message":"intentaste hacer un GET a la ruta: '/favicon.ico' pero esta no existe :c"}
{"level":"warn","message":"intentaste hacer un GET a la ruta: '/' pero esta no existe :c"}
{"level":"warn","message":"intentaste hacer un GET a la ruta: '/favicon.ico' pero esta no existe :c"}
{"level":"warn","message":"intentaste hacer un GET a la ruta: '/favicon.ico' pero esta no existe :c"}
{"level":"warn","message":"intentaste hacer un GET a la ruta: '/favicon.ico' pero esta no existe :c"}
{"level":"warn","message":"intentaste hacer un GET a la ruta: '/favicon.ico' pero esta no existe :c"}
{"level":"warn","message":"intentaste hacer un GET a la ruta: '/ogin' pero esta no existe :c"}
{"level":"warn","message":"intentaste hacer un GET a la ruta: '/favicon.ico' pero esta no existe :c"}
{"level":"warn","message":"intentaste hacer un GET a la ruta: '/favicon.ico' pero esta no existe :c"}
{"level":"warn","message":"intentaste hacer un GET a la ruta: '/favicon.ico' pero esta no existe :c"}
{"level":"warn","message":"intentaste hacer un GET a la ruta: '/favicon.ico' pero esta no existe :c"}
{"level":"warn","message":"intentaste hacer un GET a la ruta: '/favicon.ico' pero esta no existe :c"}
{"level":"warn","message":"intentaste hacer un GET a la ruta: '/favicon.ico' pero esta no existe :c"}
{"level":"warn","message":"intentaste hacer un GET a la ruta: '/' pero esta no existe :c"}
{"level":"warn","message":"intentaste hacer un GET a la ruta: '/favicon.ico' pero esta no existe :c"}
{"level":"warn","message":"intentaste hacer un GET a la ruta: '/favicon.ico' pero esta no existe :c"}
{"level":"warn","message":"intentaste hacer un GET a la ruta: '/favicon.ico' pero esta no existe :c"}
{"level":"warn","message":"intentaste hacer un GET a la ruta: '/favicon.ico' pero esta no existe :c"}
{"level":"warn","message":"intentaste hacer un GET a la ruta: '/favicon.ico' pero esta no existe :c"}
{"level":"warn","message":"intentaste hacer un GET a la ruta: '/favicon.ico' pero esta no existe :c"}
{"level":"warn","message":"intentaste hacer un GET a la ruta: '/favicon.ico' pero esta no existe :c"}
{"level":"warn","message":"intentaste hacer un GET a la ruta: '/favicon.ico' pero esta no existe :c"}
{"level":"warn","message":"intentaste hacer un GET a la ruta: '/' pero esta no existe :c"}
{"level":"warn","message":"intentaste hacer un GET a la ruta: '/favicon.ico' pero esta no existe :c"}
{"level":"warn","message":"intentaste hacer un GET a la ruta: '/favicon.ico' pero esta no existe :c"}
{"level":"warn","message":"intentaste hacer un GET a la ruta: '/favicon.ico' pero esta no existe :c"}
{"level":"warn","message":"intentaste hacer un GET a la ruta: '/' pero esta no existe :c"}
{"level":"warn","message":"intentaste hacer un GET a la ruta: '/favicon.ico' pero esta no existe :c"}
{"level":"warn","message":"intentaste hacer un GET a la ruta: '/favicon.ico' pero esta no existe :c"}
{"level":"warn","message":"intentaste hacer un GET a la ruta: '/favicon.ico' pero esta no existe :c"}
{"level":"warn","message":"intentaste hacer un GET a la ruta: '/favicon.ico' pero esta no existe :c"}
